<?xml version="1.0" encoding="UTF-8"?>
<testsuite xmlns:xsi="http://www.w3.org/2001/XMLSchema-instance" xsi:noNamespaceSchemaLocation="https://maven.apache.org/surefire/maven-surefire-plugin/xsd/surefire-test-report.xsd" name="webappSus.CountryTest" time="0.105" tests="5" errors="0" skipped="0" failures="0">
  <properties>
    <property name="java.specification.version" value="15"/>
    <property name="sun.jnu.encoding" value="UTF-8"/>
    <property name="java.class.path" value="/Users/brian/workspace/webappSus/target/test-classes:/Users/brian/workspace/webappSus/target/classes:/Users/brian/.m2/repository/mysql/mysql-connector-java/8.0.29/mysql-connector-java-8.0.29.jar:/Users/brian/.m2/repository/com/google/protobuf/protobuf-java/3.19.4/protobuf-java-3.19.4.jar:/Users/brian/.m2/repository/javax/servlet/javax.servlet-api/4.0.1/javax.servlet-api-4.0.1.jar:/Users/brian/.m2/repository/org/junit/jupiter/junit-jupiter-api/5.8.2/junit-jupiter-api-5.8.2.jar:/Users/brian/.m2/repository/org/opentest4j/opentest4j/1.2.0/opentest4j-1.2.0.jar:/Users/brian/.m2/repository/org/junit/platform/junit-platform-commons/1.8.2/junit-platform-commons-1.8.2.jar:/Users/brian/.m2/repository/org/apiguardian/apiguardian-api/1.1.2/apiguardian-api-1.1.2.jar:"/>
    <property name="java.vm.vendor" value="Oracle Corporation"/>
    <property name="sun.arch.data.model" value="64"/>
    <property name="java.vendor.url" value="https://java.oracle.com/"/>
    <property name="os.name" value="Mac OS X"/>
    <property name="java.vm.specification.version" value="15"/>
    <property name="sun.java.launcher" value="SUN_STANDARD"/>
    <property name="user.country" value="CL"/>
    <property name="sun.boot.library.path" value="/Library/Java/JavaVirtualMachines/jdk-15.0.2.jdk/Contents/Home/lib"/>
    <property name="sun.java.command" value="/Users/brian/workspace/webappSus/target/surefire/surefirebooter14877939514358267877.jar /Users/brian/workspace/webappSus/target/surefire 2022-06-01T20-10-13_898-jvmRun1 surefire5832281959172773364tmp surefire_04379933613550013743tmp"/>
    <property name="http.nonProxyHosts" value="local|*.local"/>
    <property name="jdk.debug" value="release"/>
    <property name="surefire.test.class.path" value="/Users/brian/workspace/webappSus/target/test-classes:/Users/brian/workspace/webappSus/target/classes:/Users/brian/.m2/repository/mysql/mysql-connector-java/8.0.29/mysql-connector-java-8.0.29.jar:/Users/brian/.m2/repository/com/google/protobuf/protobuf-java/3.19.4/protobuf-java-3.19.4.jar:/Users/brian/.m2/repository/javax/servlet/javax.servlet-api/4.0.1/javax.servlet-api-4.0.1.jar:/Users/brian/.m2/repository/org/junit/jupiter/junit-jupiter-api/5.8.2/junit-jupiter-api-5.8.2.jar:/Users/brian/.m2/repository/org/opentest4j/opentest4j/1.2.0/opentest4j-1.2.0.jar:/Users/brian/.m2/repository/org/junit/platform/junit-platform-commons/1.8.2/junit-platform-commons-1.8.2.jar:/Users/brian/.m2/repository/org/apiguardian/apiguardian-api/1.1.2/apiguardian-api-1.1.2.jar:"/>
    <property name="sun.cpu.endian" value="little"/>
    <property name="user.home" value="/Users/brian"/>
    <property name="user.language" value="es"/>
    <property name="java.specification.vendor" value="Oracle Corporation"/>
    <property name="java.version.date" value="2021-01-19"/>
    <property name="java.home" value="/Library/Java/JavaVirtualMachines/jdk-15.0.2.jdk/Contents/Home"/>
    <property name="file.separator" value="/"/>
    <property name="basedir" value="/Users/brian/workspace/webappSus"/>
    <property name="java.vm.compressedOopsMode" value="Zero based"/>
    <property name="line.separator" value="&#10;"/>
    <property name="java.specification.name" value="Java Platform API Specification"/>
    <property name="java.vm.specification.vendor" value="Oracle Corporation"/>
    <property name="surefire.real.class.path" value="/Users/brian/workspace/webappSus/target/surefire/surefirebooter14877939514358267877.jar"/>
    <property name="sun.management.compiler" value="HotSpot 64-Bit Tiered Compilers"/>
    <property name="ftp.nonProxyHosts" value="local|*.local"/>
    <property name="java.runtime.version" value="15.0.2+7-27"/>
    <property name="user.name" value="brian"/>
    <property name="path.separator" value=":"/>
    <property name="os.version" value="10.16"/>
    <property name="java.runtime.name" value="Java(TM) SE Runtime Environment"/>
    <property name="file.encoding" value="UTF-8"/>
    <property name="java.vm.name" value="Java HotSpot(TM) 64-Bit Server VM"/>
    <property name="localRepository" value="/Users/brian/.m2/repository"/>
    <property name="java.vendor.url.bug" value="https://bugreport.java.com/bugreport/"/>
    <property name="java.io.tmpdir" value="/var/folders/n_/pfhn_vlj1_s1dsz15s9v6wt00000gn/T/"/>
    <property name="java.version" value="15.0.2"/>
    <property name="user.dir" value="/Users/brian/workspace/webappSus"/>
    <property name="os.arch" value="x86_64"/>
    <property name="java.vm.specification.name" value="Java Virtual Machine Specification"/>
    <property name="java.library.path" value="/Users/brian/Library/Java/Extensions:/Library/Java/Extensions:/Network/Library/Java/Extensions:/System/Library/Java/Extensions:/usr/lib/java:."/>
    <property name="java.vm.info" value="mixed mode, sharing"/>
    <property name="java.vendor" value="Oracle Corporation"/>
    <property name="java.vm.version" value="15.0.2+7-27"/>
    <property name="sun.io.unicode.encoding" value="UnicodeBig"/>
    <property name="socksNonProxyHosts" value="local|*.local"/>
    <property name="java.class.version" value="59.0"/>
  </properties>
  <testcase name="webappSus.CountryTest.testRead" classname="webappSus.CountryTest" time="0.028"/>
  <testcase name="webappSus.CountryTest.testUpdate" classname="webappSus.CountryTest" time="0.014"/>
  <testcase name="webappSus.CountryTest.testCreate" classname="webappSus.CountryTest" time="0.01"/>
  <testcase name="webappSus.CountryTest.testDelete" classname="webappSus.CountryTest" time="0.046"/>
  <testcase name="webappSus.CountryTest.testReadAll" classname="webappSus.CountryTest" time="0.003"/>
</testsuite>